  [1m[35m (390.8ms)[0m  [1m[35mCREATE DATABASE "ABA_League_app_api_development" ENCODING = 'unicode'[0m
  [1m[35m (284.9ms)[0m  [1m[35mCREATE DATABASE "ABA_League_app_api_test" ENCODING = 'unicode'[0m
  [1m[35m (25.0ms)[0m  [1m[35mCREATE TABLE "schema_migrations" ("version" character varying NOT NULL PRIMARY KEY)[0m
  [1m[35m (4.9ms)[0m  [1m[35mCREATE TABLE "ar_internal_metadata" ("key" character varying NOT NULL PRIMARY KEY, "value" character varying, "created_at" timestamp(6) NOT NULL, "updated_at" timestamp(6) NOT NULL)[0m
  [1m[35m (0.3ms)[0m  [1m[34mSELECT pg_try_advisory_lock(1095638859150811500)[0m
  [1m[35m (0.9ms)[0m  [1m[34mSELECT "schema_migrations"."version" FROM "schema_migrations" ORDER BY "schema_migrations"."version" ASC[0m
Migrating to CreateLeagues (20191005164437)
  [1m[35m (0.2ms)[0m  [1m[35mBEGIN[0m
  [1m[35m (6.1ms)[0m  [1m[35mCREATE TABLE "leagues" ("id" bigserial primary key, "team" character varying, "player" character varying, "coach" character varying, "position" character varying, "created_at" timestamp(6) NOT NULL, "updated_at" timestamp(6) NOT NULL)[0m
  [1m[36mprimary::SchemaMigration Create (1.5ms)[0m  [1m[32mINSERT INTO "schema_migrations" ("version") VALUES ($1) RETURNING "version"[0m  [["version", "20191005164437"]]
  [1m[35m (0.4ms)[0m  [1m[35mCOMMIT[0m
  [1m[36mActiveRecord::InternalMetadata Load (5.7ms)[0m  [1m[34mSELECT "ar_internal_metadata".* FROM "ar_internal_metadata" WHERE "ar_internal_metadata"."key" = $1 LIMIT $2[0m  [["key", "environment"], ["LIMIT", 1]]
  [1m[35m (0.2ms)[0m  [1m[35mBEGIN[0m
  [1m[36mActiveRecord::InternalMetadata Create (3.3ms)[0m  [1m[32mINSERT INTO "ar_internal_metadata" ("key", "value", "created_at", "updated_at") VALUES ($1, $2, $3, $4) RETURNING "key"[0m  [["key", "environment"], ["value", "development"], ["created_at", "2019-10-05 16:45:11.765783"], ["updated_at", "2019-10-05 16:45:11.765783"]]
  [1m[35m (3.3ms)[0m  [1m[35mCOMMIT[0m
  [1m[35m (0.6ms)[0m  [1m[34mSELECT pg_advisory_unlock(1095638859150811500)[0m
  [1m[35m (0.8ms)[0m  [1m[34mSELECT "schema_migrations"."version" FROM "schema_migrations" ORDER BY "schema_migrations"."version" ASC[0m
  [1m[35m (0.5ms)[0m  [1m[34mSELECT "schema_migrations"."version" FROM "schema_migrations" ORDER BY "schema_migrations"."version" ASC[0m
  [1m[35m (0.5ms)[0m  [1m[34mSELECT "schema_migrations"."version" FROM "schema_migrations" ORDER BY "schema_migrations"."version" ASC[0m
Started GET "/" for ::1 at 2019-10-05 12:48:19 -0400
  [1m[35m (0.6ms)[0m  [1m[34mSELECT "schema_migrations"."version" FROM "schema_migrations" ORDER BY "schema_migrations"."version" ASC[0m
Processing by Rails::WelcomeController#index as HTML
  Rendering /Users/adesegunadedeji/.rbenv/versions/2.6.3/lib/ruby/gems/2.6.0/gems/railties-6.0.0/lib/rails/templates/rails/welcome/index.html.erb
  Rendered /Users/adesegunadedeji/.rbenv/versions/2.6.3/lib/ruby/gems/2.6.0/gems/railties-6.0.0/lib/rails/templates/rails/welcome/index.html.erb (Duration: 14.3ms | Allocations: 480)
Completed 200 OK in 28ms (Views: 21.9ms | ActiveRecord: 0.0ms | Allocations: 2610)


Started GET "/leagues" for ::1 at 2019-10-05 12:48:25 -0400
Processing by LeaguesController#index as HTML
  [1m[36mLeague Load (4.9ms)[0m  [1m[34mSELECT "leagues".* FROM "leagues"[0m
  ↳ app/controllers/leagues_controller.rb:8:in `index'
Completed 200 OK in 21ms (Views: 6.6ms | ActiveRecord: 8.4ms | Allocations: 1692)


  [1m[35m (0.5ms)[0m  [1m[34mSELECT "schema_migrations"."version" FROM "schema_migrations" ORDER BY "schema_migrations"."version" ASC[0m
  [1m[35m (0.1ms)[0m  [1m[35mBEGIN[0m
  [1m[36mLeague Create (1.2ms)[0m  [1m[32mINSERT INTO "leagues" ("team", "player", "coach", "position", "created_at", "updated_at") VALUES ($1, $2, $3, $4, $5, $6) RETURNING "id"[0m  [["team", "Boston Celtics"], ["player", "Victor Oladipo"], ["coach", "Erik Spoelstra"], ["position", "Power Forward"], ["created_at", "2019-10-05 16:49:31.482342"], ["updated_at", "2019-10-05 16:49:31.482342"]]
  [1m[35m (0.3ms)[0m  [1m[35mCOMMIT[0m
  [1m[35m (0.1ms)[0m  [1m[35mBEGIN[0m
  [1m[36mLeague Create (0.2ms)[0m  [1m[32mINSERT INTO "leagues" ("team", "player", "coach", "position", "created_at", "updated_at") VALUES ($1, $2, $3, $4, $5, $6) RETURNING "id"[0m  [["team", "Denver Nuggets"], ["player", "Damian Lillard"], ["coach", "Steve Kerr"], ["position", "Point Guard"], ["created_at", "2019-10-05 16:49:31.486680"], ["updated_at", "2019-10-05 16:49:31.486680"]]
  [1m[35m (0.2ms)[0m  [1m[35mCOMMIT[0m
  [1m[35m (0.1ms)[0m  [1m[35mBEGIN[0m
  [1m[36mLeague Create (0.9ms)[0m  [1m[32mINSERT INTO "leagues" ("team", "player", "coach", "position", "created_at", "updated_at") VALUES ($1, $2, $3, $4, $5, $6) RETURNING "id"[0m  [["team", "Denver Nuggets"], ["player", "Paul George"], ["coach", "Brett Brown"], ["position", "Power Forward"], ["created_at", "2019-10-05 16:49:31.489420"], ["updated_at", "2019-10-05 16:49:31.489420"]]
  [1m[35m (0.3ms)[0m  [1m[35mCOMMIT[0m
  [1m[35m (0.1ms)[0m  [1m[35mBEGIN[0m
  [1m[36mLeague Create (0.2ms)[0m  [1m[32mINSERT INTO "leagues" ("team", "player", "coach", "position", "created_at", "updated_at") VALUES ($1, $2, $3, $4, $5, $6) RETURNING "id"[0m  [["team", "Milwaukee Bucks"], ["player", "Khris Middleton"], ["coach", "Nate McMillan"], ["position", "Center"], ["created_at", "2019-10-05 16:49:31.493201"], ["updated_at", "2019-10-05 16:49:31.493201"]]
  [1m[35m (0.2ms)[0m  [1m[35mCOMMIT[0m
  [1m[35m (0.1ms)[0m  [1m[35mBEGIN[0m
  [1m[36mLeague Create (0.2ms)[0m  [1m[32mINSERT INTO "leagues" ("team", "player", "coach", "position", "created_at", "updated_at") VALUES ($1, $2, $3, $4, $5, $6) RETURNING "id"[0m  [["team", "Milwaukee Bucks"], ["player", "Dirk Nowitzki"], ["coach", "Michael Malone"], ["position", "Power Forward"], ["created_at", "2019-10-05 16:49:31.495905"], ["updated_at", "2019-10-05 16:49:31.495905"]]
  [1m[35m (0.2ms)[0m  [1m[35mCOMMIT[0m
  [1m[35m (0.1ms)[0m  [1m[35mBEGIN[0m
  [1m[36mLeague Create (0.2ms)[0m  [1m[32mINSERT INTO "leagues" ("team", "player", "coach", "position", "created_at", "updated_at") VALUES ($1, $2, $3, $4, $5, $6) RETURNING "id"[0m  [["team", "Portland Trail Blazers"], ["player", "Ben Simmons"], ["coach", "Brad Stevens"], ["position", "Small Forward"], ["created_at", "2019-10-05 16:49:31.498789"], ["updated_at", "2019-10-05 16:49:31.498789"]]
  [1m[35m (0.2ms)[0m  [1m[35mCOMMIT[0m
  [1m[35m (0.1ms)[0m  [1m[35mBEGIN[0m
  [1m[36mLeague Create (0.2ms)[0m  [1m[32mINSERT INTO "leagues" ("team", "player", "coach", "position", "created_at", "updated_at") VALUES ($1, $2, $3, $4, $5, $6) RETURNING "id"[0m  [["team", "Oklahoma City Thunder"], ["player", "Kawhi Leonard"], ["coach", "Billy Donovan"], ["position", "Point Guard"], ["created_at", "2019-10-05 16:49:31.501352"], ["updated_at", "2019-10-05 16:49:31.501352"]]
  [1m[35m (0.2ms)[0m  [1m[35mCOMMIT[0m
  [1m[35m (0.1ms)[0m  [1m[35mBEGIN[0m
  [1m[36mLeague Create (0.2ms)[0m  [1m[32mINSERT INTO "leagues" ("team", "player", "coach", "position", "created_at", "updated_at") VALUES ($1, $2, $3, $4, $5, $6) RETURNING "id"[0m  [["team", "Cleveland Cavaliers"], ["player", "LaMarcus Aldridge"], ["coach", "Dwane Casey"], ["position", "Point Guard"], ["created_at", "2019-10-05 16:49:31.503795"], ["updated_at", "2019-10-05 16:49:31.503795"]]
  [1m[35m (0.3ms)[0m  [1m[35mCOMMIT[0m
  [1m[35m (0.1ms)[0m  [1m[35mBEGIN[0m
  [1m[36mLeague Create (0.3ms)[0m  [1m[32mINSERT INTO "leagues" ("team", "player", "coach", "position", "created_at", "updated_at") VALUES ($1, $2, $3, $4, $5, $6) RETURNING "id"[0m  [["team", "Los Angeles Lakers"], ["player", "Damian Lillard"], ["coach", "Brad Stevens"], ["position", "Center"], ["created_at", "2019-10-05 16:49:31.506789"], ["updated_at", "2019-10-05 16:49:31.506789"]]
  [1m[35m (0.1ms)[0m  [1m[35mCOMMIT[0m
  [1m[35m (0.1ms)[0m  [1m[35mBEGIN[0m
  [1m[36mLeague Create (0.2ms)[0m  [1m[32mINSERT INTO "leagues" ("team", "player", "coach", "position", "created_at", "updated_at") VALUES ($1, $2, $3, $4, $5, $6) RETURNING "id"[0m  [["team", "Minnesota Timberwolves"], ["player", "Victor Oladipo"], ["coach", "Mike Budenholzer"], ["position", "Power Forward"], ["created_at", "2019-10-05 16:49:31.519761"], ["updated_at", "2019-10-05 16:49:31.519761"]]
  [1m[35m (0.1ms)[0m  [1m[35mCOMMIT[0m
  [1m[35m (0.1ms)[0m  [1m[35mBEGIN[0m
  [1m[36mLeague Create (0.2ms)[0m  [1m[32mINSERT INTO "leagues" ("team", "player", "coach", "position", "created_at", "updated_at") VALUES ($1, $2, $3, $4, $5, $6) RETURNING "id"[0m  [["team", "Minnesota Timberwolves"], ["player", "Klay Thompson"], ["coach", "Brad Stevens"], ["position", "Shooting Guard"], ["created_at", "2019-10-05 16:49:31.522124"], ["updated_at", "2019-10-05 16:49:31.522124"]]
  [1m[35m (0.2ms)[0m  [1m[35mCOMMIT[0m
  [1m[35m (0.1ms)[0m  [1m[35mBEGIN[0m
  [1m[36mLeague Create (0.2ms)[0m  [1m[32mINSERT INTO "leagues" ("team", "player", "coach", "position", "created_at", "updated_at") VALUES ($1, $2, $3, $4, $5, $6) RETURNING "id"[0m  [["team", "Boston Celtics"], ["player", "Stephen Curry"], ["coach", "David Fizdale"], ["position", "Small Forward"], ["created_at", "2019-10-05 16:49:31.525091"], ["updated_at", "2019-10-05 16:49:31.525091"]]
  [1m[35m (0.2ms)[0m  [1m[35mCOMMIT[0m
  [1m[35m (0.1ms)[0m  [1m[35mBEGIN[0m
  [1m[36mLeague Create (0.2ms)[0m  [1m[32mINSERT INTO "leagues" ("team", "player", "coach", "position", "created_at", "updated_at") VALUES ($1, $2, $3, $4, $5, $6) RETURNING "id"[0m  [["team", "Indiana Pacers"], ["player", "Anthony Davis"], ["coach", "Dwane Casey"], ["position", "Power Forward"], ["created_at", "2019-10-05 16:49:31.527925"], ["updated_at", "2019-10-05 16:49:31.527925"]]
  [1m[35m (0.2ms)[0m  [1m[35mCOMMIT[0m
  [1m[35m (0.1ms)[0m  [1m[35mBEGIN[0m
  [1m[36mLeague Create (0.3ms)[0m  [1m[32mINSERT INTO "leagues" ("team", "player", "coach", "position", "created_at", "updated_at") VALUES ($1, $2, $3, $4, $5, $6) RETURNING "id"[0m  [["team", "Los Angeles Clippers"], ["player", "Stephen Curry"], ["coach", "Doc Rivers"], ["position", "Small Forward"], ["created_at", "2019-10-05 16:49:31.530557"], ["updated_at", "2019-10-05 16:49:31.530557"]]
  [1m[35m (0.2ms)[0m  [1m[35mCOMMIT[0m
  [1m[35m (0.1ms)[0m  [1m[35mBEGIN[0m
  [1m[36mLeague Create (0.2ms)[0m  [1m[32mINSERT INTO "leagues" ("team", "player", "coach", "position", "created_at", "updated_at") VALUES ($1, $2, $3, $4, $5, $6) RETURNING "id"[0m  [["team", "Utah Jazz"], ["player", "Kevin Durant"], ["coach", "Steve Kerr"], ["position", "Power Forward"], ["created_at", "2019-10-05 16:49:31.533569"], ["updated_at", "2019-10-05 16:49:31.533569"]]
  [1m[35m (0.2ms)[0m  [1m[35mCOMMIT[0m
  [1m[35m (0.1ms)[0m  [1m[35mBEGIN[0m
  [1m[36mLeague Create (0.2ms)[0m  [1m[32mINSERT INTO "leagues" ("team", "player", "coach", "position", "created_at", "updated_at") VALUES ($1, $2, $3, $4, $5, $6) RETURNING "id"[0m  [["team", "Los Angeles Lakers"], ["player", "Russell Westbrook"], ["coach", "Luke Walton"], ["position", "Center"], ["created_at", "2019-10-05 16:49:31.536772"], ["updated_at", "2019-10-05 16:49:31.536772"]]
  [1m[35m (0.2ms)[0m  [1m[35mCOMMIT[0m
  [1m[35m (0.1ms)[0m  [1m[35mBEGIN[0m
  [1m[36mLeague Create (0.3ms)[0m  [1m[32mINSERT INTO "leagues" ("team", "player", "coach", "position", "created_at", "updated_at") VALUES ($1, $2, $3, $4, $5, $6) RETURNING "id"[0m  [["team", "Milwaukee Bucks"], ["player", "Bradley Beal"], ["coach", "Jim Boylen"], ["position", "Point Guard"], ["created_at", "2019-10-05 16:49:31.561566"], ["updated_at", "2019-10-05 16:49:31.561566"]]
  [1m[35m (0.2ms)[0m  [1m[35mCOMMIT[0m
  [1m[35m (0.1ms)[0m  [1m[35mBEGIN[0m
  [1m[36mLeague Create (0.9ms)[0m  [1m[32mINSERT INTO "leagues" ("team", "player", "coach", "position", "created_at", "updated_at") VALUES ($1, $2, $3, $4, $5, $6) RETURNING "id"[0m  [["team", "New Orleans Pelicans"], ["player", "Damian Lillard"], ["coach", "Nate McMillan"], ["position", "Power Forward"], ["created_at", "2019-10-05 16:49:31.573245"], ["updated_at", "2019-10-05 16:49:31.573245"]]
  [1m[35m (0.3ms)[0m  [1m[35mCOMMIT[0m
  [1m[35m (0.1ms)[0m  [1m[35mBEGIN[0m
  [1m[36mLeague Create (0.3ms)[0m  [1m[32mINSERT INTO "leagues" ("team", "player", "coach", "position", "created_at", "updated_at") VALUES ($1, $2, $3, $4, $5, $6) RETURNING "id"[0m  [["team", "Portland Trail Blazers"], ["player", "Victor Oladipo"], ["coach", "Mike D'Antoni"], ["position", "Center"], ["created_at", "2019-10-05 16:49:31.583198"], ["updated_at", "2019-10-05 16:49:31.583198"]]
  [1m[35m (0.3ms)[0m  [1m[35mCOMMIT[0m
  [1m[35m (0.4ms)[0m  [1m[35mBEGIN[0m
  [1m[36mLeague Create (0.3ms)[0m  [1m[32mINSERT INTO "leagues" ("team", "player", "coach", "position", "created_at", "updated_at") VALUES ($1, $2, $3, $4, $5, $6) RETURNING "id"[0m  [["team", "Los Angeles Clippers"], ["player", "LeBron James"], ["coach", "Ryan Saunders"], ["position", "Small Forward"], ["created_at", "2019-10-05 16:49:31.595298"], ["updated_at", "2019-10-05 16:49:31.595298"]]
  [1m[35m (0.2ms)[0m  [1m[35mCOMMIT[0m
  [1m[35m (0.1ms)[0m  [1m[35mBEGIN[0m
  [1m[36mLeague Create (0.3ms)[0m  [1m[32mINSERT INTO "leagues" ("team", "player", "coach", "position", "created_at", "updated_at") VALUES ($1, $2, $3, $4, $5, $6) RETURNING "id"[0m  [["team", "Milwaukee Bucks"], ["player", "Nikola Jokić"], ["coach", "Ryan Saunders"], ["position", "Center"], ["created_at", "2019-10-05 16:49:31.601888"], ["updated_at", "2019-10-05 16:49:31.601888"]]
  [1m[35m (0.3ms)[0m  [1m[35mCOMMIT[0m
  [1m[35m (0.2ms)[0m  [1m[35mBEGIN[0m
  [1m[36mLeague Create (0.2ms)[0m  [1m[32mINSERT INTO "leagues" ("team", "player", "coach", "position", "created_at", "updated_at") VALUES ($1, $2, $3, $4, $5, $6) RETURNING "id"[0m  [["team", "Chicago Bulls"], ["player", "Kyle Lowry"], ["coach", "Lloyd Pierce"], ["position", "Power Forward"], ["created_at", "2019-10-05 16:49:31.606868"], ["updated_at", "2019-10-05 16:49:31.606868"]]
  [1m[35m (0.2ms)[0m  [1m[35mCOMMIT[0m
  [1m[35m (0.1ms)[0m  [1m[35mBEGIN[0m
  [1m[36mLeague Create (0.2ms)[0m  [1m[32mINSERT INTO "leagues" ("team", "player", "coach", "position", "created_at", "updated_at") VALUES ($1, $2, $3, $4, $5, $6) RETURNING "id"[0m  [["team", "New Orleans Pelicans"], ["player", "Dwayne Wade"], ["coach", "Brett Brown"], ["position", "Point Guard"], ["created_at", "2019-10-05 16:49:31.620614"], ["updated_at", "2019-10-05 16:49:31.620614"]]
  [1m[35m (0.1ms)[0m  [1m[35mCOMMIT[0m
  [1m[35m (0.1ms)[0m  [1m[35mBEGIN[0m
  [1m[36mLeague Create (0.2ms)[0m  [1m[32mINSERT INTO "leagues" ("team", "player", "coach", "position", "created_at", "updated_at") VALUES ($1, $2, $3, $4, $5, $6) RETURNING "id"[0m  [["team", "Miami Heat"], ["player", "Giannis Antetokounmpo"], ["coach", "James Borrego"], ["position", "Shooting Guard"], ["created_at", "2019-10-05 16:49:31.623422"], ["updated_at", "2019-10-05 16:49:31.623422"]]
  [1m[35m (0.2ms)[0m  [1m[35mCOMMIT[0m
  [1m[35m (0.1ms)[0m  [1m[35mBEGIN[0m
  [1m[36mLeague Create (0.2ms)[0m  [1m[32mINSERT INTO "leagues" ("team", "player", "coach", "position", "created_at", "updated_at") VALUES ($1, $2, $3, $4, $5, $6) RETURNING "id"[0m  [["team", "Sacramento Kings"], ["player", "Nikola Vučević"], ["coach", "Igor Kokoškov"], ["position", "Small Forward"], ["created_at", "2019-10-05 16:49:31.625850"], ["updated_at", "2019-10-05 16:49:31.625850"]]
  [1m[35m (0.2ms)[0m  [1m[35mCOMMIT[0m
  [1m[35m (0.1ms)[0m  [1m[35mBEGIN[0m
  [1m[36mLeague Create (0.2ms)[0m  [1m[32mINSERT INTO "leagues" ("team", "player", "coach", "position", "created_at", "updated_at") VALUES ($1, $2, $3, $4, $5, $6) RETURNING "id"[0m  [["team", "Washington Wizards"], ["player", "Stephen Curry"], ["coach", "Steve Clifford"], ["position", "Power Forward"], ["created_at", "2019-10-05 16:49:31.628528"], ["updated_at", "2019-10-05 16:49:31.628528"]]
  [1m[35m (0.3ms)[0m  [1m[35mCOMMIT[0m
  [1m[35m (0.1ms)[0m  [1m[35mBEGIN[0m
  [1m[36mLeague Create (0.2ms)[0m  [1m[32mINSERT INTO "leagues" ("team", "player", "coach", "position", "created_at", "updated_at") VALUES ($1, $2, $3, $4, $5, $6) RETURNING "id"[0m  [["team", "Sacramento Kings"], ["player", "Kemba Walker"], ["coach", "Lloyd Pierce"], ["position", "Small Forward"], ["created_at", "2019-10-05 16:49:31.631318"], ["updated_at", "2019-10-05 16:49:31.631318"]]
  [1m[35m (0.2ms)[0m  [1m[35mCOMMIT[0m
  [1m[35m (0.1ms)[0m  [1m[35mBEGIN[0m
  [1m[36mLeague Create (0.2ms)[0m  [1m[32mINSERT INTO "leagues" ("team", "player", "coach", "position", "created_at", "updated_at") VALUES ($1, $2, $3, $4, $5, $6) RETURNING "id"[0m  [["team", "Boston Celtics"], ["player", "Khris Middleton"], ["coach", "Steve Kerr"], ["position", "Shooting Guard"], ["created_at", "2019-10-05 16:49:31.634048"], ["updated_at", "2019-10-05 16:49:31.634048"]]
  [1m[35m (0.2ms)[0m  [1m[35mCOMMIT[0m
  [1m[35m (0.1ms)[0m  [1m[35mBEGIN[0m
  [1m[36mLeague Create (0.2ms)[0m  [1m[32mINSERT INTO "leagues" ("team", "player", "coach", "position", "created_at", "updated_at") VALUES ($1, $2, $3, $4, $5, $6) RETURNING "id"[0m  [["team", "Indiana Pacers"], ["player", "Dirk Nowitzki"], ["coach", "Doc Rivers"], ["position", "Small Forward"], ["created_at", "2019-10-05 16:49:31.636716"], ["updated_at", "2019-10-05 16:49:31.636716"]]
  [1m[35m (0.2ms)[0m  [1m[35mCOMMIT[0m
  [1m[35m (0.1ms)[0m  [1m[35mBEGIN[0m
  [1m[36mLeague Create (0.2ms)[0m  [1m[32mINSERT INTO "leagues" ("team", "player", "coach", "position", "created_at", "updated_at") VALUES ($1, $2, $3, $4, $5, $6) RETURNING "id"[0m  [["team", "Denver Nuggets"], ["player", "Nikola Jokić"], ["coach", "Nick Nurse"], ["position", "Small Forward"], ["created_at", "2019-10-05 16:49:31.639105"], ["updated_at", "2019-10-05 16:49:31.639105"]]
  [1m[35m (0.2ms)[0m  [1m[35mCOMMIT[0m
  [1m[35m (0.1ms)[0m  [1m[35mBEGIN[0m
  [1m[36mLeague Create (0.2ms)[0m  [1m[32mINSERT INTO "leagues" ("team", "player", "coach", "position", "created_at", "updated_at") VALUES ($1, $2, $3, $4, $5, $6) RETURNING "id"[0m  [["team", "Denver Nuggets"], ["player", "Bradley Beal"], ["coach", "Rick Carlisle"], ["position", "Center"], ["created_at", "2019-10-05 16:49:31.641484"], ["updated_at", "2019-10-05 16:49:31.641484"]]
  [1m[35m (0.2ms)[0m  [1m[35mCOMMIT[0m
  [1m[35m (0.1ms)[0m  [1m[35mBEGIN[0m
  [1m[36mLeague Create (0.2ms)[0m  [1m[32mINSERT INTO "leagues" ("team", "player", "coach", "position", "created_at", "updated_at") VALUES ($1, $2, $3, $4, $5, $6) RETURNING "id"[0m  [["team", "Miami Heat"], ["player", "Anthony Davis"], ["coach", "Dave Joerger"], ["position", "Power Forward"], ["created_at", "2019-10-05 16:49:31.643778"], ["updated_at", "2019-10-05 16:49:31.643778"]]
  [1m[35m (0.2ms)[0m  [1m[35mCOMMIT[0m
  [1m[35m (0.1ms)[0m  [1m[35mBEGIN[0m
  [1m[36mLeague Create (0.2ms)[0m  [1m[32mINSERT INTO "leagues" ("team", "player", "coach", "position", "created_at", "updated_at") VALUES ($1, $2, $3, $4, $5, $6) RETURNING "id"[0m  [["team", "Cleveland Cavaliers"], ["player", "Dwayne Wade"], ["coach", "Gregg Popovich"], ["position", "Shooting Guard"], ["created_at", "2019-10-05 16:49:31.646310"], ["updated_at", "2019-10-05 16:49:31.646310"]]
  [1m[35m (0.2ms)[0m  [1m[35mCOMMIT[0m
  [1m[35m (0.1ms)[0m  [1m[35mBEGIN[0m
  [1m[36mLeague Create (0.2ms)[0m  [1m[32mINSERT INTO "leagues" ("team", "player", "coach", "position", "created_at", "updated_at") VALUES ($1, $2, $3, $4, $5, $6) RETURNING "id"[0m  [["team", "Orlando Magic"], ["player", "Damian Lillard"], ["coach", "Terry Stotts"], ["position", "Power Forward"], ["created_at", "2019-10-05 16:49:31.648710"], ["updated_at", "2019-10-05 16:49:31.648710"]]
  [1m[35m (0.2ms)[0m  [1m[35mCOMMIT[0m
  [1m[35m (0.1ms)[0m  [1m[35mBEGIN[0m
  [1m[36mLeague Create (0.2ms)[0m  [1m[32mINSERT INTO "leagues" ("team", "player", "coach", "position", "created_at", "updated_at") VALUES ($1, $2, $3, $4, $5, $6) RETURNING "id"[0m  [["team", "Houston Rockets"], ["player", "Khris Middleton"], ["coach", "Mike Budenholzer"], ["position", "Power Forward"], ["created_at", "2019-10-05 16:49:31.651210"], ["updated_at", "2019-10-05 16:49:31.651210"]]
  [1m[35m (0.3ms)[0m  [1m[35mCOMMIT[0m
  [1m[35m (0.1ms)[0m  [1m[35mBEGIN[0m
  [1m[36mLeague Create (0.2ms)[0m  [1m[32mINSERT INTO "leagues" ("team", "player", "coach", "position", "created_at", "updated_at") VALUES ($1, $2, $3, $4, $5, $6) RETURNING "id"[0m  [["team", "Toronto Raptors"], ["player", "Dwayne Wade"], ["coach", "James Borrego"], ["position", "Point Guard"], ["created_at", "2019-10-05 16:49:31.653728"], ["updated_at", "2019-10-05 16:49:31.653728"]]
  [1m[35m (0.3ms)[0m  [1m[35mCOMMIT[0m
  [1m[35m (0.1ms)[0m  [1m[35mBEGIN[0m
  [1m[36mLeague Create (0.2ms)[0m  [1m[32mINSERT INTO "leagues" ("team", "player", "coach", "position", "created_at", "updated_at") VALUES ($1, $2, $3, $4, $5, $6) RETURNING "id"[0m  [["team", "Golden State Warriors"], ["player", "LeBron James"], ["coach", "Doc Rivers"], ["position", "Center"], ["created_at", "2019-10-05 16:49:31.656345"], ["updated_at", "2019-10-05 16:49:31.656345"]]
  [1m[35m (0.2ms)[0m  [1m[35mCOMMIT[0m
  [1m[35m (0.2ms)[0m  [1m[35mBEGIN[0m
  [1m[36mLeague Create (0.2ms)[0m  [1m[32mINSERT INTO "leagues" ("team", "player", "coach", "position", "created_at", "updated_at") VALUES ($1, $2, $3, $4, $5, $6) RETURNING "id"[0m  [["team", "Atlanta Hawks"], ["player", "LeBron James"], ["coach", "Steve Clifford"], ["position", "Shooting Guard"], ["created_at", "2019-10-05 16:49:31.659496"], ["updated_at", "2019-10-05 16:49:31.659496"]]
  [1m[35m (0.2ms)[0m  [1m[35mCOMMIT[0m
  [1m[35m (0.1ms)[0m  [1m[35mBEGIN[0m
  [1m[36mLeague Create (0.2ms)[0m  [1m[32mINSERT INTO "leagues" ("team", "player", "coach", "position", "created_at", "updated_at") VALUES ($1, $2, $3, $4, $5, $6) RETURNING "id"[0m  [["team", "Chicago Bulls"], ["player", "Klay Thompson"], ["coach", "Brett Brown"], ["position", "Center"], ["created_at", "2019-10-05 16:49:31.662267"], ["updated_at", "2019-10-05 16:49:31.662267"]]
  [1m[35m (0.2ms)[0m  [1m[35mCOMMIT[0m
  [1m[35m (0.1ms)[0m  [1m[35mBEGIN[0m
  [1m[36mLeague Create (0.2ms)[0m  [1m[32mINSERT INTO "leagues" ("team", "player", "coach", "position", "created_at", "updated_at") VALUES ($1, $2, $3, $4, $5, $6) RETURNING "id"[0m  [["team", "Utah Jazz"], ["player", "Ben Simmons"], ["coach", "Doc Rivers"], ["position", "Power Forward"], ["created_at", "2019-10-05 16:49:31.664923"], ["updated_at", "2019-10-05 16:49:31.664923"]]
  [1m[35m (0.2ms)[0m  [1m[35mCOMMIT[0m
  [1m[35m (0.1ms)[0m  [1m[35mBEGIN[0m
  [1m[36mLeague Create (0.2ms)[0m  [1m[32mINSERT INTO "leagues" ("team", "player", "coach", "position", "created_at", "updated_at") VALUES ($1, $2, $3, $4, $5, $6) RETURNING "id"[0m  [["team", "Phoenix Suns"], ["player", "Kyrie Irving"], ["coach", "Billy Donovan"], ["position", "Center"], ["created_at", "2019-10-05 16:49:31.667664"], ["updated_at", "2019-10-05 16:49:31.667664"]]
  [1m[35m (0.2ms)[0m  [1m[35mCOMMIT[0m
  [1m[35m (0.1ms)[0m  [1m[35mBEGIN[0m
  [1m[36mLeague Create (0.2ms)[0m  [1m[32mINSERT INTO "leagues" ("team", "player", "coach", "position", "created_at", "updated_at") VALUES ($1, $2, $3, $4, $5, $6) RETURNING "id"[0m  [["team", "Detroit Pistons"], ["player", "Nikola Jokić"], ["coach", "Steve Kerr"], ["position", "Power Forward"], ["created_at", "2019-10-05 16:49:31.670146"], ["updated_at", "2019-10-05 16:49:31.670146"]]
  [1m[35m (0.2ms)[0m  [1m[35mCOMMIT[0m
  [1m[35m (0.1ms)[0m  [1m[35mBEGIN[0m
  [1m[36mLeague Create (0.2ms)[0m  [1m[32mINSERT INTO "leagues" ("team", "player", "coach", "position", "created_at", "updated_at") VALUES ($1, $2, $3, $4, $5, $6) RETURNING "id"[0m  [["team", "Houston Rockets"], ["player", "Dirk Nowitzki"], ["coach", "Mike D'Antoni"], ["position", "Small Forward"], ["created_at", "2019-10-05 16:49:31.672696"], ["updated_at", "2019-10-05 16:49:31.672696"]]
  [1m[35m (0.2ms)[0m  [1m[35mCOMMIT[0m
  [1m[35m (0.1ms)[0m  [1m[35mBEGIN[0m
  [1m[36mLeague Create (0.2ms)[0m  [1m[32mINSERT INTO "leagues" ("team", "player", "coach", "position", "created_at", "updated_at") VALUES ($1, $2, $3, $4, $5, $6) RETURNING "id"[0m  [["team", "Oklahoma City Thunder"], ["player", "Kemba Walker"], ["coach", "Erik Spoelstra"], ["position", "Center"], ["created_at", "2019-10-05 16:49:31.675462"], ["updated_at", "2019-10-05 16:49:31.675462"]]
  [1m[35m (0.3ms)[0m  [1m[35mCOMMIT[0m
  [1m[35m (0.1ms)[0m  [1m[35mBEGIN[0m
  [1m[36mLeague Create (0.2ms)[0m  [1m[32mINSERT INTO "leagues" ("team", "player", "coach", "position", "created_at", "updated_at") VALUES ($1, $2, $3, $4, $5, $6) RETURNING "id"[0m  [["team", "Oklahoma City Thunder"], ["player", "Bradley Beal"], ["coach", "J.B. Bickerstaff"], ["position", "Small Forward"], ["created_at", "2019-10-05 16:49:31.678791"], ["updated_at", "2019-10-05 16:49:31.678791"]]
  [1m[35m (0.2ms)[0m  [1m[35mCOMMIT[0m
  [1m[35m (0.1ms)[0m  [1m[35mBEGIN[0m
  [1m[36mLeague Create (0.2ms)[0m  [1m[32mINSERT INTO "leagues" ("team", "player", "coach", "position", "created_at", "updated_at") VALUES ($1, $2, $3, $4, $5, $6) RETURNING "id"[0m  [["team", "Atlanta Hawks"], ["player", "D'Angelo Russell"], ["coach", "Alvin Gentry"], ["position", "Power Forward"], ["created_at", "2019-10-05 16:49:31.681416"], ["updated_at", "2019-10-05 16:49:31.681416"]]
  [1m[35m (0.2ms)[0m  [1m[35mCOMMIT[0m
  [1m[35m (0.1ms)[0m  [1m[35mBEGIN[0m
  [1m[36mLeague Create (0.2ms)[0m  [1m[32mINSERT INTO "leagues" ("team", "player", "coach", "position", "created_at", "updated_at") VALUES ($1, $2, $3, $4, $5, $6) RETURNING "id"[0m  [["team", "Memphis Grizzlies"], ["player", "Dwayne Wade"], ["coach", "Doc Rivers"], ["position", "Point Guard"], ["created_at", "2019-10-05 16:49:31.683911"], ["updated_at", "2019-10-05 16:49:31.683911"]]
  [1m[35m (0.2ms)[0m  [1m[35mCOMMIT[0m
  [1m[35m (0.1ms)[0m  [1m[35mBEGIN[0m
  [1m[36mLeague Create (0.2ms)[0m  [1m[32mINSERT INTO "leagues" ("team", "player", "coach", "position", "created_at", "updated_at") VALUES ($1, $2, $3, $4, $5, $6) RETURNING "id"[0m  [["team", "New York Knicks"], ["player", "Bradley Beal"], ["coach", "Alvin Gentry"], ["position", "Small Forward"], ["created_at", "2019-10-05 16:49:31.686635"], ["updated_at", "2019-10-05 16:49:31.686635"]]
  [1m[35m (0.2ms)[0m  [1m[35mCOMMIT[0m
  [1m[35m (0.1ms)[0m  [1m[35mBEGIN[0m
  [1m[36mLeague Create (0.2ms)[0m  [1m[32mINSERT INTO "leagues" ("team", "player", "coach", "position", "created_at", "updated_at") VALUES ($1, $2, $3, $4, $5, $6) RETURNING "id"[0m  [["team", "Houston Rockets"], ["player", "D'Angelo Russell"], ["coach", "Dwane Casey"], ["position", "Power Forward"], ["created_at", "2019-10-05 16:49:31.689138"], ["updated_at", "2019-10-05 16:49:31.689138"]]
  [1m[35m (0.2ms)[0m  [1m[35mCOMMIT[0m
  [1m[35m (0.1ms)[0m  [1m[35mBEGIN[0m
  [1m[36mLeague Create (0.2ms)[0m  [1m[32mINSERT INTO "leagues" ("team", "player", "coach", "position", "created_at", "updated_at") VALUES ($1, $2, $3, $4, $5, $6) RETURNING "id"[0m  [["team", "Philadelphia 76ers"], ["player", "Kawhi Leonard"], ["coach", "Steve Kerr"], ["position", "Point Guard"], ["created_at", "2019-10-05 16:49:31.691582"], ["updated_at", "2019-10-05 16:49:31.691582"]]
  [1m[35m (0.2ms)[0m  [1m[35mCOMMIT[0m
  [1m[35m (0.1ms)[0m  [1m[35mBEGIN[0m
  [1m[36mLeague Create (0.2ms)[0m  [1m[32mINSERT INTO "leagues" ("team", "player", "coach", "position", "created_at", "updated_at") VALUES ($1, $2, $3, $4, $5, $6) RETURNING "id"[0m  [["team", "Charlotte Hornets"], ["player", "Kyle Lowry"], ["coach", "Brad Stevens"], ["position", "Shooting Guard"], ["created_at", "2019-10-05 16:49:31.694075"], ["updated_at", "2019-10-05 16:49:31.694075"]]
  [1m[35m (0.3ms)[0m  [1m[35mCOMMIT[0m
  [1m[35m (0.1ms)[0m  [1m[35mBEGIN[0m
  [1m[36mLeague Create (0.2ms)[0m  [1m[32mINSERT INTO "leagues" ("team", "player", "coach", "position", "created_at", "updated_at") VALUES ($1, $2, $3, $4, $5, $6) RETURNING "id"[0m  [["team", "Dallas Mavericks"], ["player", "Joel Embiid"], ["coach", "Luke Walton"], ["position", "Small Forward"], ["created_at", "2019-10-05 16:49:31.697038"], ["updated_at", "2019-10-05 16:49:31.697038"]]
  [1m[35m (0.2ms)[0m  [1m[35mCOMMIT[0m
  [1m[35m (0.1ms)[0m  [1m[35mBEGIN[0m
  [1m[36mLeague Create (0.2ms)[0m  [1m[32mINSERT INTO "leagues" ("team", "player", "coach", "position", "created_at", "updated_at") VALUES ($1, $2, $3, $4, $5, $6) RETURNING "id"[0m  [["team", "Sacramento Kings"], ["player", "LaMarcus Aldridge"], ["coach", "Gregg Popovich"], ["position", "Small Forward"], ["created_at", "2019-10-05 16:49:31.699639"], ["updated_at", "2019-10-05 16:49:31.699639"]]
  [1m[35m (0.2ms)[0m  [1m[35mCOMMIT[0m
  [1m[35m (0.1ms)[0m  [1m[35mBEGIN[0m
  [1m[36mLeague Create (0.2ms)[0m  [1m[32mINSERT INTO "leagues" ("team", "player", "coach", "position", "created_at", "updated_at") VALUES ($1, $2, $3, $4, $5, $6) RETURNING "id"[0m  [["team", "Utah Jazz"], ["player", "Kawhi Leonard"], ["coach", "Doc Rivers"], ["position", "Power Forward"], ["created_at", "2019-10-05 16:49:31.702063"], ["updated_at", "2019-10-05 16:49:31.702063"]]
  [1m[35m (0.2ms)[0m  [1m[35mCOMMIT[0m
  [1m[35m (0.1ms)[0m  [1m[35mBEGIN[0m
  [1m[36mLeague Create (0.2ms)[0m  [1m[32mINSERT INTO "leagues" ("team", "player", "coach", "position", "created_at", "updated_at") VALUES ($1, $2, $3, $4, $5, $6) RETURNING "id"[0m  [["team", "Phoenix Suns"], ["player", "Nikola Vučević"], ["coach", "Brad Stevens"], ["position", "Shooting Guard"], ["created_at", "2019-10-05 16:49:31.704682"], ["updated_at", "2019-10-05 16:49:31.704682"]]
  [1m[35m (0.2ms)[0m  [1m[35mCOMMIT[0m
  [1m[35m (0.1ms)[0m  [1m[35mBEGIN[0m
  [1m[36mLeague Create (0.2ms)[0m  [1m[32mINSERT INTO "leagues" ("team", "player", "coach", "position", "created_at", "updated_at") VALUES ($1, $2, $3, $4, $5, $6) RETURNING "id"[0m  [["team", "Philadelphia 76ers"], ["player", "Stephen Curry"], ["coach", "Jim Boylen"], ["position", "Shooting Guard"], ["created_at", "2019-10-05 16:49:31.707301"], ["updated_at", "2019-10-05 16:49:31.707301"]]
  [1m[35m (0.1ms)[0m  [1m[35mCOMMIT[0m
  [1m[35m (0.1ms)[0m  [1m[35mBEGIN[0m
  [1m[36mLeague Create (0.2ms)[0m  [1m[32mINSERT INTO "leagues" ("team", "player", "coach", "position", "created_at", "updated_at") VALUES ($1, $2, $3, $4, $5, $6) RETURNING "id"[0m  [["team", "Memphis Grizzlies"], ["player", "Victor Oladipo"], ["coach", "Quin Snyder"], ["position", "Power Forward"], ["created_at", "2019-10-05 16:49:31.709709"], ["updated_at", "2019-10-05 16:49:31.709709"]]
  [1m[35m (0.2ms)[0m  [1m[35mCOMMIT[0m
  [1m[35m (0.1ms)[0m  [1m[35mBEGIN[0m
  [1m[36mLeague Create (0.2ms)[0m  [1m[32mINSERT INTO "leagues" ("team", "player", "coach", "position", "created_at", "updated_at") VALUES ($1, $2, $3, $4, $5, $6) RETURNING "id"[0m  [["team", "Washington Wizards"], ["player", "Damian Lillard"], ["coach", "Erik Spoelstra"], ["position", "Center"], ["created_at", "2019-10-05 16:49:31.712399"], ["updated_at", "2019-10-05 16:49:31.712399"]]
  [1m[35m (0.2ms)[0m  [1m[35mCOMMIT[0m
  [1m[35m (0.1ms)[0m  [1m[35mBEGIN[0m
  [1m[36mLeague Create (0.2ms)[0m  [1m[32mINSERT INTO "leagues" ("team", "player", "coach", "position", "created_at", "updated_at") VALUES ($1, $2, $3, $4, $5, $6) RETURNING "id"[0m  [["team", "Toronto Raptors"], ["player", "D'Angelo Russell"], ["coach", "Dave Joerger"], ["position", "Center"], ["created_at", "2019-10-05 16:49:31.714926"], ["updated_at", "2019-10-05 16:49:31.714926"]]
  [1m[35m (0.2ms)[0m  [1m[35mCOMMIT[0m
  [1m[35m (0.1ms)[0m  [1m[35mBEGIN[0m
  [1m[36mLeague Create (0.2ms)[0m  [1m[32mINSERT INTO "leagues" ("team", "player", "coach", "position", "created_at", "updated_at") VALUES ($1, $2, $3, $4, $5, $6) RETURNING "id"[0m  [["team", "Phoenix Suns"], ["player", "LeBron James"], ["coach", "Mike D'Antoni"], ["position", "Point Guard"], ["created_at", "2019-10-05 16:49:31.717794"], ["updated_at", "2019-10-05 16:49:31.717794"]]
  [1m[35m (0.2ms)[0m  [1m[35mCOMMIT[0m
  [1m[35m (0.1ms)[0m  [1m[35mBEGIN[0m
  [1m[36mLeague Create (0.2ms)[0m  [1m[32mINSERT INTO "leagues" ("team", "player", "coach", "position", "created_at", "updated_at") VALUES ($1, $2, $3, $4, $5, $6) RETURNING "id"[0m  [["team", "Toronto Raptors"], ["player", "Kemba Walker"], ["coach", "Mike Budenholzer"], ["position", "Power Forward"], ["created_at", "2019-10-05 16:49:31.720444"], ["updated_at", "2019-10-05 16:49:31.720444"]]
  [1m[35m (0.2ms)[0m  [1m[35mCOMMIT[0m
  [1m[35m (0.1ms)[0m  [1m[35mBEGIN[0m
  [1m[36mLeague Create (0.2ms)[0m  [1m[32mINSERT INTO "leagues" ("team", "player", "coach", "position", "created_at", "updated_at") VALUES ($1, $2, $3, $4, $5, $6) RETURNING "id"[0m  [["team", "Indiana Pacers"], ["player", "Kawhi Leonard"], ["coach", "J.B. Bickerstaff"], ["position", "Point Guard"], ["created_at", "2019-10-05 16:49:31.723281"], ["updated_at", "2019-10-05 16:49:31.723281"]]
  [1m[35m (0.2ms)[0m  [1m[35mCOMMIT[0m
  [1m[35m (0.1ms)[0m  [1m[35mBEGIN[0m
  [1m[36mLeague Create (0.2ms)[0m  [1m[32mINSERT INTO "leagues" ("team", "player", "coach", "position", "created_at", "updated_at") VALUES ($1, $2, $3, $4, $5, $6) RETURNING "id"[0m  [["team", "Detroit Pistons"], ["player", "Dwayne Wade"], ["coach", "Doc Rivers"], ["position", "Power Forward"], ["created_at", "2019-10-05 16:49:31.726026"], ["updated_at", "2019-10-05 16:49:31.726026"]]
  [1m[35m (0.2ms)[0m  [1m[35mCOMMIT[0m
  [1m[35m (0.1ms)[0m  [1m[35mBEGIN[0m
  [1m[36mLeague Create (0.2ms)[0m  [1m[32mINSERT INTO "leagues" ("team", "player", "coach", "position", "created_at", "updated_at") VALUES ($1, $2, $3, $4, $5, $6) RETURNING "id"[0m  [["team", "Boston Celtics"], ["player", "Kawhi Leonard"], ["coach", "Ryan Saunders"], ["position", "Shooting Guard"], ["created_at", "2019-10-05 16:49:31.728671"], ["updated_at", "2019-10-05 16:49:31.728671"]]
  [1m[35m (0.2ms)[0m  [1m[35mCOMMIT[0m
  [1m[35m (0.1ms)[0m  [1m[35mBEGIN[0m
  [1m[36mLeague Create (0.2ms)[0m  [1m[32mINSERT INTO "leagues" ("team", "player", "coach", "position", "created_at", "updated_at") VALUES ($1, $2, $3, $4, $5, $6) RETURNING "id"[0m  [["team", "Utah Jazz"], ["player", "James Harden"], ["coach", "Rick Carlisle"], ["position", "Power Forward"], ["created_at", "2019-10-05 16:49:31.731149"], ["updated_at", "2019-10-05 16:49:31.731149"]]
  [1m[35m (0.2ms)[0m  [1m[35mCOMMIT[0m
  [1m[35m (0.1ms)[0m  [1m[35mBEGIN[0m
  [1m[36mLeague Create (0.2ms)[0m  [1m[32mINSERT INTO "leagues" ("team", "player", "coach", "position", "created_at", "updated_at") VALUES ($1, $2, $3, $4, $5, $6) RETURNING "id"[0m  [["team", "Boston Celtics"], ["player", "Ben Simmons"], ["coach", "Lloyd Pierce"], ["position", "Small Forward"], ["created_at", "2019-10-05 16:49:31.733596"], ["updated_at", "2019-10-05 16:49:31.733596"]]
  [1m[35m (0.2ms)[0m  [1m[35mCOMMIT[0m
  [1m[35m (0.1ms)[0m  [1m[35mBEGIN[0m
  [1m[36mLeague Create (0.2ms)[0m  [1m[32mINSERT INTO "leagues" ("team", "player", "coach", "position", "created_at", "updated_at") VALUES ($1, $2, $3, $4, $5, $6) RETURNING "id"[0m  [["team", "Indiana Pacers"], ["player", "Russell Westbrook"], ["coach", "Erik Spoelstra"], ["position", "Point Guard"], ["created_at", "2019-10-05 16:49:31.736065"], ["updated_at", "2019-10-05 16:49:31.736065"]]
  [1m[35m (0.2ms)[0m  [1m[35mCOMMIT[0m
  [1m[35m (0.1ms)[0m  [1m[35mBEGIN[0m
  [1m[36mLeague Create (0.2ms)[0m  [1m[32mINSERT INTO "leagues" ("team", "player", "coach", "position", "created_at", "updated_at") VALUES ($1, $2, $3, $4, $5, $6) RETURNING "id"[0m  [["team", "San Antonio Spurs"], ["player", "Victor Oladipo"], ["coach", "Ryan Saunders"], ["position", "Point Guard"], ["created_at", "2019-10-05 16:49:31.739248"], ["updated_at", "2019-10-05 16:49:31.739248"]]
  [1m[35m (0.2ms)[0m  [1m[35mCOMMIT[0m
  [1m[35m (0.1ms)[0m  [1m[35mBEGIN[0m
  [1m[36mLeague Create (0.2ms)[0m  [1m[32mINSERT INTO "leagues" ("team", "player", "coach", "position", "created_at", "updated_at") VALUES ($1, $2, $3, $4, $5, $6) RETURNING "id"[0m  [["team", "New York Knicks"], ["player", "Kemba Walker"], ["coach", "Brad Stevens"], ["position", "Center"], ["created_at", "2019-10-05 16:49:31.741787"], ["updated_at", "2019-10-05 16:49:31.741787"]]
  [1m[35m (0.2ms)[0m  [1m[35mCOMMIT[0m
  [1m[35m (0.1ms)[0m  [1m[35mBEGIN[0m
  [1m[36mLeague Create (0.2ms)[0m  [1m[32mINSERT INTO "leagues" ("team", "player", "coach", "position", "created_at", "updated_at") VALUES ($1, $2, $3, $4, $5, $6) RETURNING "id"[0m  [["team", "Detroit Pistons"], ["player", "Damian Lillard"], ["coach", "Dwane Casey"], ["position", "Center"], ["created_at", "2019-10-05 16:49:31.744537"], ["updated_at", "2019-10-05 16:49:31.744537"]]
  [1m[35m (0.2ms)[0m  [1m[35mCOMMIT[0m
  [1m[35m (0.1ms)[0m  [1m[35mBEGIN[0m
  [1m[36mLeague Create (0.2ms)[0m  [1m[32mINSERT INTO "leagues" ("team", "player", "coach", "position", "created_at", "updated_at") VALUES ($1, $2, $3, $4, $5, $6) RETURNING "id"[0m  [["team", "Philadelphia 76ers"], ["player", "Khris Middleton"], ["coach", "Doc Rivers"], ["position", "Small Forward"], ["created_at", "2019-10-05 16:49:31.747233"], ["updated_at", "2019-10-05 16:49:31.747233"]]
  [1m[35m (0.2ms)[0m  [1m[35mCOMMIT[0m
  [1m[35m (0.1ms)[0m  [1m[35mBEGIN[0m
  [1m[36mLeague Create (0.2ms)[0m  [1m[32mINSERT INTO "leagues" ("team", "player", "coach", "position", "created_at", "updated_at") VALUES ($1, $2, $3, $4, $5, $6) RETURNING "id"[0m  [["team", "Denver Nuggets"], ["player", "LaMarcus Aldridge"], ["coach", "J.B. Bickerstaff"], ["position", "Center"], ["created_at", "2019-10-05 16:49:31.749816"], ["updated_at", "2019-10-05 16:49:31.749816"]]
  [1m[35m (0.2ms)[0m  [1m[35mCOMMIT[0m
  [1m[35m (0.1ms)[0m  [1m[35mBEGIN[0m
  [1m[36mLeague Create (0.4ms)[0m  [1m[32mINSERT INTO "leagues" ("team", "player", "coach", "position", "created_at", "updated_at") VALUES ($1, $2, $3, $4, $5, $6) RETURNING "id"[0m  [["team", "Charlotte Hornets"], ["player", "Klay Thompson"], ["coach", "J.B. Bickerstaff"], ["position", "Point Guard"], ["created_at", "2019-10-05 16:49:31.752369"], ["updated_at", "2019-10-05 16:49:31.752369"]]
  [1m[35m (0.2ms)[0m  [1m[35mCOMMIT[0m
  [1m[35m (0.1ms)[0m  [1m[35mBEGIN[0m
  [1m[36mLeague Create (0.2ms)[0m  [1m[32mINSERT INTO "leagues" ("team", "player", "coach", "position", "created_at", "updated_at") VALUES ($1, $2, $3, $4, $5, $6) RETURNING "id"[0m  [["team", "Indiana Pacers"], ["player", "Bradley Beal"], ["coach", "Terry Stotts"], ["position", "Shooting Guard"], ["created_at", "2019-10-05 16:49:31.755173"], ["updated_at", "2019-10-05 16:49:31.755173"]]
  [1m[35m (0.3ms)[0m  [1m[35mCOMMIT[0m
  [1m[35m (0.9ms)[0m  [1m[35mBEGIN[0m
  [1m[36mLeague Create (0.2ms)[0m  [1m[32mINSERT INTO "leagues" ("team", "player", "coach", "position", "created_at", "updated_at") VALUES ($1, $2, $3, $4, $5, $6) RETURNING "id"[0m  [["team", "Houston Rockets"], ["player", "Nikola Jokić"], ["coach", "Michael Malone"], ["position", "Small Forward"], ["created_at", "2019-10-05 16:49:31.759852"], ["updated_at", "2019-10-05 16:49:31.759852"]]
  [1m[35m (0.2ms)[0m  [1m[35mCOMMIT[0m
  [1m[35m (0.1ms)[0m  [1m[35mBEGIN[0m
  [1m[36mLeague Create (0.3ms)[0m  [1m[32mINSERT INTO "leagues" ("team", "player", "coach", "position", "created_at", "updated_at") VALUES ($1, $2, $3, $4, $5, $6) RETURNING "id"[0m  [["team", "Boston Celtics"], ["player", "Blake Griffin"], ["coach", "Nick Nurse"], ["position", "Small Forward"], ["created_at", "2019-10-05 16:49:31.763651"], ["updated_at", "2019-10-05 16:49:31.763651"]]
  [1m[35m (0.3ms)[0m  [1m[35mCOMMIT[0m
  [1m[35m (0.1ms)[0m  [1m[35mBEGIN[0m
  [1m[36mLeague Create (0.3ms)[0m  [1m[32mINSERT INTO "leagues" ("team", "player", "coach", "position", "created_at", "updated_at") VALUES ($1, $2, $3, $4, $5, $6) RETURNING "id"[0m  [["team", "Milwaukee Bucks"], ["player", "Bradley Beal"], ["coach", "Kenny Atkinson"], ["position", "Point Guard"], ["created_at", "2019-10-05 16:49:31.767284"], ["updated_at", "2019-10-05 16:49:31.767284"]]
  [1m[35m (0.5ms)[0m  [1m[35mCOMMIT[0m
  [1m[35m (0.1ms)[0m  [1m[35mBEGIN[0m
  [1m[36mLeague Create (0.2ms)[0m  [1m[32mINSERT INTO "leagues" ("team", "player", "coach", "position", "created_at", "updated_at") VALUES ($1, $2, $3, $4, $5, $6) RETURNING "id"[0m  [["team", "Phoenix Suns"], ["player", "James Harden"], ["coach", "Brett Brown"], ["position", "Power Forward"], ["created_at", "2019-10-05 16:49:31.786197"], ["updated_at", "2019-10-05 16:49:31.786197"]]
  [1m[35m (0.2ms)[0m  [1m[35mCOMMIT[0m
  [1m[35m (0.1ms)[0m  [1m[35mBEGIN[0m
  [1m[36mLeague Create (0.2ms)[0m  [1m[32mINSERT INTO "leagues" ("team", "player", "coach", "position", "created_at", "updated_at") VALUES ($1, $2, $3, $4, $5, $6) RETURNING "id"[0m  [["team", "Cleveland Cavaliers"], ["player", "James Harden"], ["coach", "Gregg Popovich"], ["position", "Point Guard"], ["created_at", "2019-10-05 16:49:31.789231"], ["updated_at", "2019-10-05 16:49:31.789231"]]
  [1m[35m (0.2ms)[0m  [1m[35mCOMMIT[0m
  [1m[35m (0.1ms)[0m  [1m[35mBEGIN[0m
  [1m[36mLeague Create (0.2ms)[0m  [1m[32mINSERT INTO "leagues" ("team", "player", "coach", "position", "created_at", "updated_at") VALUES ($1, $2, $3, $4, $5, $6) RETURNING "id"[0m  [["team", "Minnesota Timberwolves"], ["player", "Ben Simmons"], ["coach", "Doc Rivers"], ["position", "Point Guard"], ["created_at", "2019-10-05 16:49:31.791930"], ["updated_at", "2019-10-05 16:49:31.791930"]]
  [1m[35m (0.2ms)[0m  [1m[35mCOMMIT[0m
  [1m[35m (0.1ms)[0m  [1m[35mBEGIN[0m
  [1m[36mLeague Create (0.2ms)[0m  [1m[32mINSERT INTO "leagues" ("team", "player", "coach", "position", "created_at", "updated_at") VALUES ($1, $2, $3, $4, $5, $6) RETURNING "id"[0m  [["team", "Golden State Warriors"], ["player", "Karl-Anthony Towns"], ["coach", "Steve Kerr"], ["position", "Shooting Guard"], ["created_at", "2019-10-05 16:49:31.794603"], ["updated_at", "2019-10-05 16:49:31.794603"]]
  [1m[35m (0.2ms)[0m  [1m[35mCOMMIT[0m
  [1m[35m (0.1ms)[0m  [1m[35mBEGIN[0m
  [1m[36mLeague Create (0.2ms)[0m  [1m[32mINSERT INTO "leagues" ("team", "player", "coach", "position", "created_at", "updated_at") VALUES ($1, $2, $3, $4, $5, $6) RETURNING "id"[0m  [["team", "Los Angeles Clippers"], ["player", "Kawhi Leonard"], ["coach", "Doc Rivers"], ["position", "Center"], ["created_at", "2019-10-05 16:49:31.798150"], ["updated_at", "2019-10-05 16:49:31.798150"]]
  [1m[35m (0.2ms)[0m  [1m[35mCOMMIT[0m
  [1m[35m (0.1ms)[0m  [1m[35mBEGIN[0m
  [1m[36mLeague Create (0.2ms)[0m  [1m[32mINSERT INTO "leagues" ("team", "player", "coach", "position", "created_at", "updated_at") VALUES ($1, $2, $3, $4, $5, $6) RETURNING "id"[0m  [["team", "Toronto Raptors"], ["player", "Bradley Beal"], ["coach", "Steve Kerr"], ["position", "Point Guard"], ["created_at", "2019-10-05 16:49:31.800798"], ["updated_at", "2019-10-05 16:49:31.800798"]]
  [1m[35m (0.2ms)[0m  [1m[35mCOMMIT[0m
  [1m[35m (0.1ms)[0m  [1m[35mBEGIN[0m
  [1m[36mLeague Create (0.2ms)[0m  [1m[32mINSERT INTO "leagues" ("team", "player", "coach", "position", "created_at", "updated_at") VALUES ($1, $2, $3, $4, $5, $6) RETURNING "id"[0m  [["team", "Dallas Mavericks"], ["player", "Kawhi Leonard"], ["coach", "Quin Snyder"], ["position", "Center"], ["created_at", "2019-10-05 16:49:31.803376"], ["updated_at", "2019-10-05 16:49:31.803376"]]
  [1m[35m (0.3ms)[0m  [1m[35mCOMMIT[0m
  [1m[35m (0.1ms)[0m  [1m[35mBEGIN[0m
  [1m[36mLeague Create (0.2ms)[0m  [1m[32mINSERT INTO "leagues" ("team", "player", "coach", "position", "created_at", "updated_at") VALUES ($1, $2, $3, $4, $5, $6) RETURNING "id"[0m  [["team", "Atlanta Hawks"], ["player", "LeBron James"], ["coach", "Rick Carlisle"], ["position", "Point Guard"], ["created_at", "2019-10-05 16:49:31.806270"], ["updated_at", "2019-10-05 16:49:31.806270"]]
  [1m[35m (0.2ms)[0m  [1m[35mCOMMIT[0m
  [1m[35m (0.1ms)[0m  [1m[35mBEGIN[0m
  [1m[36mLeague Create (0.2ms)[0m  [1m[32mINSERT INTO "leagues" ("team", "player", "coach", "position", "created_at", "updated_at") VALUES ($1, $2, $3, $4, $5, $6) RETURNING "id"[0m  [["team", "Memphis Grizzlies"], ["player", "Klay Thompson"], ["coach", "Igor Kokoškov"], ["position", "Center"], ["created_at", "2019-10-05 16:49:31.808726"], ["updated_at", "2019-10-05 16:49:31.808726"]]
  [1m[35m (0.3ms)[0m  [1m[35mCOMMIT[0m
  [1m[35m (0.1ms)[0m  [1m[35mBEGIN[0m
  [1m[36mLeague Create (0.2ms)[0m  [1m[32mINSERT INTO "leagues" ("team", "player", "coach", "position", "created_at", "updated_at") VALUES ($1, $2, $3, $4, $5, $6) RETURNING "id"[0m  [["team", "Washington Wizards"], ["player", "Bradley Beal"], ["coach", "Brad Stevens"], ["position", "Shooting Guard"], ["created_at", "2019-10-05 16:49:31.811430"], ["updated_at", "2019-10-05 16:49:31.811430"]]
  [1m[35m (0.3ms)[0m  [1m[35mCOMMIT[0m
  [1m[35m (0.1ms)[0m  [1m[35mBEGIN[0m
  [1m[36mLeague Create (0.2ms)[0m  [1m[32mINSERT INTO "leagues" ("team", "player", "coach", "position", "created_at", "updated_at") VALUES ($1, $2, $3, $4, $5, $6) RETURNING "id"[0m  [["team", "Orlando Magic"], ["player", "Ben Simmons"], ["coach", "Jim Boylen"], ["position", "Point Guard"], ["created_at", "2019-10-05 16:49:31.814551"], ["updated_at", "2019-10-05 16:49:31.814551"]]
  [1m[35m (0.2ms)[0m  [1m[35mCOMMIT[0m
  [1m[35m (0.1ms)[0m  [1m[35mBEGIN[0m
  [1m[36mLeague Create (0.2ms)[0m  [1m[32mINSERT INTO "leagues" ("team", "player", "coach", "position", "created_at", "updated_at") VALUES ($1, $2, $3, $4, $5, $6) RETURNING "id"[0m  [["team", "Portland Trail Blazers"], ["player", "Kemba Walker"], ["coach", "Dave Joerger"], ["position", "Small Forward"], ["created_at", "2019-10-05 16:49:31.818294"], ["updated_at", "2019-10-05 16:49:31.818294"]]
  [1m[35m (0.2ms)[0m  [1m[35mCOMMIT[0m
  [1m[35m (0.1ms)[0m  [1m[35mBEGIN[0m
  [1m[36mLeague Create (0.2ms)[0m  [1m[32mINSERT INTO "leagues" ("team", "player", "coach", "position", "created_at", "updated_at") VALUES ($1, $2, $3, $4, $5, $6) RETURNING "id"[0m  [["team", "Minnesota Timberwolves"], ["player", "Dwayne Wade"], ["coach", "Scott Brooks"], ["position", "Small Forward"], ["created_at", "2019-10-05 16:49:31.835873"], ["updated_at", "2019-10-05 16:49:31.835873"]]
  [1m[35m (0.2ms)[0m  [1m[35mCOMMIT[0m
  [1m[35m (0.1ms)[0m  [1m[35mBEGIN[0m
  [1m[36mLeague Create (0.2ms)[0m  [1m[32mINSERT INTO "leagues" ("team", "player", "coach", "position", "created_at", "updated_at") VALUES ($1, $2, $3, $4, $5, $6) RETURNING "id"[0m  [["team", "Charlotte Hornets"], ["player", "Klay Thompson"], ["coach", "Steve Kerr"], ["position", "Center"], ["created_at", "2019-10-05 16:49:31.838855"], ["updated_at", "2019-10-05 16:49:31.838855"]]
  [1m[35m (0.2ms)[0m  [1m[35mCOMMIT[0m
  [1m[35m (0.1ms)[0m  [1m[35mBEGIN[0m
  [1m[36mLeague Create (0.2ms)[0m  [1m[32mINSERT INTO "leagues" ("team", "player", "coach", "position", "created_at", "updated_at") VALUES ($1, $2, $3, $4, $5, $6) RETURNING "id"[0m  [["team", "Sacramento Kings"], ["player", "Kevin Durant"], ["coach", "Steve Kerr"], ["position", "Point Guard"], ["created_at", "2019-10-05 16:49:31.841334"], ["updated_at", "2019-10-05 16:49:31.841334"]]
  [1m[35m (0.2ms)[0m  [1m[35mCOMMIT[0m
  [1m[35m (0.1ms)[0m  [1m[35mBEGIN[0m
  [1m[36mLeague Create (0.2ms)[0m  [1m[32mINSERT INTO "leagues" ("team", "player", "coach", "position", "created_at", "updated_at") VALUES ($1, $2, $3, $4, $5, $6) RETURNING "id"[0m  [["team", "Toronto Raptors"], ["player", "Khris Middleton"], ["coach", "Mike D'Antoni"], ["position", "Center"], ["created_at", "2019-10-05 16:49:31.843656"], ["updated_at", "2019-10-05 16:49:31.843656"]]
  [1m[35m (0.2ms)[0m  [1m[35mCOMMIT[0m
  [1m[35m (0.1ms)[0m  [1m[35mBEGIN[0m
  [1m[36mLeague Create (0.2ms)[0m  [1m[32mINSERT INTO "leagues" ("team", "player", "coach", "position", "created_at", "updated_at") VALUES ($1, $2, $3, $4, $5, $6) RETURNING "id"[0m  [["team", "San Antonio Spurs"], ["player", "Russell Westbrook"], ["coach", "Kenny Atkinson"], ["position", "Small Forward"], ["created_at", "2019-10-05 16:49:31.846275"], ["updated_at", "2019-10-05 16:49:31.846275"]]
  [1m[35m (0.3ms)[0m  [1m[35mCOMMIT[0m
  [1m[35m (0.1ms)[0m  [1m[35mBEGIN[0m
  [1m[36mLeague Create (0.2ms)[0m  [1m[32mINSERT INTO "leagues" ("team", "player", "coach", "position", "created_at", "updated_at") VALUES ($1, $2, $3, $4, $5, $6) RETURNING "id"[0m  [["team", "Portland Trail Blazers"], ["player", "Khris Middleton"], ["coach", "Kenny Atkinson"], ["position", "Small Forward"], ["created_at", "2019-10-05 16:49:31.851362"], ["updated_at", "2019-10-05 16:49:31.851362"]]
  [1m[35m (0.2ms)[0m  [1m[35mCOMMIT[0m
  [1m[35m (0.1ms)[0m  [1m[35mBEGIN[0m
  [1m[36mLeague Create (0.2ms)[0m  [1m[32mINSERT INTO "leagues" ("team", "player", "coach", "position", "created_at", "updated_at") VALUES ($1, $2, $3, $4, $5, $6) RETURNING "id"[0m  [["team", "Philadelphia 76ers"], ["player", "Klay Thompson"], ["coach", "Kenny Atkinson"], ["position", "Small Forward"], ["created_at", "2019-10-05 16:49:31.853897"], ["updated_at", "2019-10-05 16:49:31.853897"]]
  [1m[35m (0.2ms)[0m  [1m[35mCOMMIT[0m
  [1m[35m (0.1ms)[0m  [1m[35mBEGIN[0m
  [1m[36mLeague Create (0.2ms)[0m  [1m[32mINSERT INTO "leagues" ("team", "player", "coach", "position", "created_at", "updated_at") VALUES ($1, $2, $3, $4, $5, $6) RETURNING "id"[0m  [["team", "Oklahoma City Thunder"], ["player", "Blake Griffin"], ["coach", "Billy Donovan"], ["position", "Power Forward"], ["created_at", "2019-10-05 16:49:31.856323"], ["updated_at", "2019-10-05 16:49:31.856323"]]
  [1m[35m (0.3ms)[0m  [1m[35mCOMMIT[0m
  [1m[35m (0.1ms)[0m  [1m[35mBEGIN[0m
  [1m[36mLeague Create (0.2ms)[0m  [1m[32mINSERT INTO "leagues" ("team", "player", "coach", "position", "created_at", "updated_at") VALUES ($1, $2, $3, $4, $5, $6) RETURNING "id"[0m  [["team", "Minnesota Timberwolves"], ["player", "Stephen Curry"], ["coach", "Steve Kerr"], ["position", "Power Forward"], ["created_at", "2019-10-05 16:49:31.859041"], ["updated_at", "2019-10-05 16:49:31.859041"]]
  [1m[35m (0.6ms)[0m  [1m[35mCOMMIT[0m
  [1m[35m (0.1ms)[0m  [1m[35mBEGIN[0m
  [1m[36mLeague Create (0.2ms)[0m  [1m[32mINSERT INTO "leagues" ("team", "player", "coach", "position", "created_at", "updated_at") VALUES ($1, $2, $3, $4, $5, $6) RETURNING "id"[0m  [["team", "Utah Jazz"], ["player", "Anthony Davis"], ["coach", "Steve Clifford"], ["position", "Power Forward"], ["created_at", "2019-10-05 16:49:31.862295"], ["updated_at", "2019-10-05 16:49:31.862295"]]
  [1m[35m (0.2ms)[0m  [1m[35mCOMMIT[0m
  [1m[35m (0.1ms)[0m  [1m[35mBEGIN[0m
  [1m[36mLeague Create (0.2ms)[0m  [1m[32mINSERT INTO "leagues" ("team", "player", "coach", "position", "created_at", "updated_at") VALUES ($1, $2, $3, $4, $5, $6) RETURNING "id"[0m  [["team", "Minnesota Timberwolves"], ["player", "Joel Embiid"], ["coach", "Jim Boylen"], ["position", "Point Guard"], ["created_at", "2019-10-05 16:49:31.864986"], ["updated_at", "2019-10-05 16:49:31.864986"]]
  [1m[35m (0.2ms)[0m  [1m[35mCOMMIT[0m
Started GET "/leagues" for ::1 at 2019-10-05 12:49:43 -0400
  [1m[35m (0.5ms)[0m  [1m[34mSELECT "schema_migrations"."version" FROM "schema_migrations" ORDER BY "schema_migrations"."version" ASC[0m
Processing by LeaguesController#index as HTML
  [1m[36mLeague Load (1.1ms)[0m  [1m[34mSELECT "leagues".* FROM "leagues"[0m
  ↳ app/controllers/leagues_controller.rb:8:in `index'
Completed 200 OK in 53ms (Views: 44.4ms | ActiveRecord: 6.3ms | Allocations: 20473)


Started GET "/leagues/10" for ::1 at 2019-10-05 12:49:52 -0400
Processing by LeaguesController#show as HTML
  Parameters: {"id"=>"10"}
  [1m[36mLeague Load (0.4ms)[0m  [1m[34mSELECT "leagues".* FROM "leagues" WHERE "leagues"."id" = $1 LIMIT $2[0m  [["id", 10], ["LIMIT", 1]]
  ↳ app/controllers/leagues_controller.rb:44:in `set_league'
Completed 200 OK in 5ms (Views: 0.4ms | ActiveRecord: 0.6ms | Allocations: 1170)


Started GET "/leagues/2" for ::1 at 2019-10-05 12:49:59 -0400
Processing by LeaguesController#show as HTML
  Parameters: {"id"=>"2"}
  [1m[36mLeague Load (4.1ms)[0m  [1m[34mSELECT "leagues".* FROM "leagues" WHERE "leagues"."id" = $1 LIMIT $2[0m  [["id", 2], ["LIMIT", 1]]
  ↳ app/controllers/leagues_controller.rb:44:in `set_league'
Completed 200 OK in 6ms (Views: 0.3ms | ActiveRecord: 4.1ms | Allocations: 750)


Started GET "/leagues/5" for ::1 at 2019-10-05 12:50:03 -0400
Processing by LeaguesController#show as HTML
  Parameters: {"id"=>"5"}
  [1m[36mLeague Load (1.1ms)[0m  [1m[34mSELECT "leagues".* FROM "leagues" WHERE "leagues"."id" = $1 LIMIT $2[0m  [["id", 5], ["LIMIT", 1]]
  ↳ app/controllers/leagues_controller.rb:44:in `set_league'
Completed 200 OK in 7ms (Views: 1.0ms | ActiveRecord: 1.1ms | Allocations: 735)


Started GET "/leagues/1" for ::1 at 2019-10-05 12:50:07 -0400
Processing by LeaguesController#show as HTML
  Parameters: {"id"=>"1"}
  [1m[36mLeague Load (0.3ms)[0m  [1m[34mSELECT "leagues".* FROM "leagues" WHERE "leagues"."id" = $1 LIMIT $2[0m  [["id", 1], ["LIMIT", 1]]
  ↳ app/controllers/leagues_controller.rb:44:in `set_league'
Completed 200 OK in 2ms (Views: 0.3ms | ActiveRecord: 0.3ms | Allocations: 750)


Started GET "/leagues/30" for ::1 at 2019-10-05 12:50:12 -0400
Processing by LeaguesController#show as HTML
  Parameters: {"id"=>"30"}
  [1m[36mLeague Load (0.2ms)[0m  [1m[34mSELECT "leagues".* FROM "leagues" WHERE "leagues"."id" = $1 LIMIT $2[0m  [["id", 30], ["LIMIT", 1]]
  ↳ app/controllers/leagues_controller.rb:44:in `set_league'
Completed 200 OK in 1ms (Views: 0.2ms | ActiveRecord: 0.2ms | Allocations: 735)


Started GET "/leagues/22" for ::1 at 2019-10-05 12:50:15 -0400
Processing by LeaguesController#show as HTML
  Parameters: {"id"=>"22"}
  [1m[36mLeague Load (1.1ms)[0m  [1m[34mSELECT "leagues".* FROM "leagues" WHERE "leagues"."id" = $1 LIMIT $2[0m  [["id", 22], ["LIMIT", 1]]
  ↳ app/controllers/leagues_controller.rb:44:in `set_league'
Completed 200 OK in 3ms (Views: 0.3ms | ActiveRecord: 1.1ms | Allocations: 750)


Started GET "/leagues" for ::1 at 2019-10-05 13:07:44 -0400
  [1m[35m (1.8ms)[0m  [1m[34mSELECT "schema_migrations"."version" FROM "schema_migrations" ORDER BY "schema_migrations"."version" ASC[0m
Processing by LeaguesController#index as HTML
  [1m[36mLeague Load (1.9ms)[0m  [1m[34mSELECT "leagues".* FROM "leagues"[0m
  ↳ app/controllers/leagues_controller.rb:8:in `index'
Completed 200 OK in 129ms (Views: 118.4ms | ActiveRecord: 8.5ms | Allocations: 20479)


Started GET "/leagues" for ::1 at 2019-10-05 13:10:39 -0400
Processing by LeaguesController#index as */*
  [1m[36mLeague Load (0.5ms)[0m  [1m[34mSELECT "leagues".* FROM "leagues"[0m
  ↳ app/controllers/leagues_controller.rb:8:in `index'
Completed 200 OK in 18ms (Views: 16.9ms | ActiveRecord: 0.5ms | Allocations: 15404)


Started GET "/leagues" for ::1 at 2019-10-05 13:12:54 -0400
Processing by LeaguesController#index as */*
  [1m[36mLeague Load (0.5ms)[0m  [1m[34mSELECT "leagues".* FROM "leagues"[0m
  ↳ app/controllers/leagues_controller.rb:8:in `index'
Completed 200 OK in 210ms (Views: 209.0ms | ActiveRecord: 0.5ms | Allocations: 15403)


Started GET "/leagues" for ::1 at 2019-10-05 13:13:09 -0400
Processing by LeaguesController#index as */*
  [1m[36mLeague Load (0.5ms)[0m  [1m[34mSELECT "leagues".* FROM "leagues"[0m
  ↳ app/controllers/leagues_controller.rb:8:in `index'
Completed 200 OK in 83ms (Views: 82.5ms | ActiveRecord: 0.5ms | Allocations: 15406)


Started GET "/leagues" for ::1 at 2019-10-05 13:13:53 -0400
Processing by LeaguesController#index as HTML
  [1m[36mLeague Load (0.9ms)[0m  [1m[34mSELECT "leagues".* FROM "leagues"[0m
  ↳ app/controllers/leagues_controller.rb:8:in `index'
Completed 200 OK in 22ms (Views: 19.6ms | ActiveRecord: 0.9ms | Allocations: 15385)


Started GET "/leagues" for ::1 at 2019-10-05 13:14:22 -0400
Processing by LeaguesController#index as */*
  [1m[36mLeague Load (0.6ms)[0m  [1m[34mSELECT "leagues".* FROM "leagues"[0m
  ↳ app/controllers/leagues_controller.rb:8:in `index'
Completed 200 OK in 31ms (Views: 28.4ms | ActiveRecord: 0.6ms | Allocations: 15387)


Started GET "/leagues" for ::1 at 2019-10-05 13:14:26 -0400
Processing by LeaguesController#index as */*
  [1m[36mLeague Load (0.5ms)[0m  [1m[34mSELECT "leagues".* FROM "leagues"[0m
  ↳ app/controllers/leagues_controller.rb:8:in `index'
Completed 200 OK in 53ms (Views: 52.1ms | ActiveRecord: 0.5ms | Allocations: 15390)


Started GET "/leagues" for ::1 at 2019-10-05 13:14:39 -0400
Processing by LeaguesController#index as */*
  [1m[36mLeague Load (1.1ms)[0m  [1m[34mSELECT "leagues".* FROM "leagues"[0m
  ↳ app/controllers/leagues_controller.rb:8:in `index'
Completed 200 OK in 24ms (Views: 22.2ms | ActiveRecord: 1.1ms | Allocations: 15403)


Started GET "/leagues" for ::1 at 2019-10-05 13:15:26 -0400
  [1m[35m (1.3ms)[0m  [1m[34mSELECT "schema_migrations"."version" FROM "schema_migrations" ORDER BY "schema_migrations"."version" ASC[0m
Processing by LeaguesController#index as */*
  [1m[36mLeague Load (0.9ms)[0m  [1m[34mSELECT "leagues".* FROM "leagues"[0m
  ↳ app/controllers/leagues_controller.rb:8:in `index'
Completed 200 OK in 284ms (Views: 254.0ms | ActiveRecord: 17.6ms | Allocations: 20477)


Started GET "/leagues" for ::1 at 2019-10-05 13:16:14 -0400
Processing by LeaguesController#index as */*
  [1m[36mLeague Load (0.5ms)[0m  [1m[34mSELECT "leagues".* FROM "leagues"[0m
  ↳ app/controllers/leagues_controller.rb:8:in `index'
Completed 200 OK in 21ms (Views: 19.6ms | ActiveRecord: 0.5ms | Allocations: 15403)


Started GET "/leagues" for ::1 at 2019-10-05 13:16:30 -0400
Processing by LeaguesController#index as */*
  [1m[36mLeague Load (0.5ms)[0m  [1m[34mSELECT "leagues".* FROM "leagues"[0m
  ↳ app/controllers/leagues_controller.rb:8:in `index'
Completed 200 OK in 48ms (Views: 47.6ms | ActiveRecord: 0.5ms | Allocations: 15403)


Started GET "/leagues" for ::1 at 2019-10-05 13:18:32 -0400
Processing by LeaguesController#index as */*
  [1m[36mLeague Load (0.5ms)[0m  [1m[34mSELECT "leagues".* FROM "leagues"[0m
  ↳ app/controllers/leagues_controller.rb:8:in `index'
Completed 200 OK in 100ms (Views: 98.8ms | ActiveRecord: 0.5ms | Allocations: 15406)


Started GET "/leagues" for ::1 at 2019-10-05 13:19:11 -0400
  [1m[35m (1.1ms)[0m  [1m[34mSELECT "schema_migrations"."version" FROM "schema_migrations" ORDER BY "schema_migrations"."version" ASC[0m
Processing by LeaguesController#index as */*
  [1m[36mLeague Load (1.1ms)[0m  [1m[34mSELECT "leagues".* FROM "leagues"[0m
  ↳ app/controllers/leagues_controller.rb:8:in `index'
Completed 200 OK in 264ms (Views: 240.0ms | ActiveRecord: 8.2ms | Allocations: 20481)


Started GET "/leagues" for ::1 at 2019-10-05 13:19:15 -0400
Processing by LeaguesController#index as */*
  [1m[36mLeague Load (1.0ms)[0m  [1m[34mSELECT "leagues".* FROM "leagues"[0m
  ↳ app/controllers/leagues_controller.rb:8:in `index'
Completed 200 OK in 20ms (Views: 18.5ms | ActiveRecord: 1.0ms | Allocations: 15404)


Started GET "/leagues" for ::1 at 2019-10-05 13:19:30 -0400
Processing by LeaguesController#index as */*
  [1m[36mLeague Load (1.5ms)[0m  [1m[34mSELECT "leagues".* FROM "leagues"[0m
  ↳ app/controllers/leagues_controller.rb:8:in `index'
Completed 200 OK in 62ms (Views: 60.0ms | ActiveRecord: 1.5ms | Allocations: 15404)


Started GET "/leagues" for ::1 at 2019-10-05 13:19:37 -0400
Processing by LeaguesController#index as */*
  [1m[36mLeague Load (0.4ms)[0m  [1m[34mSELECT "leagues".* FROM "leagues"[0m
  ↳ app/controllers/leagues_controller.rb:8:in `index'
Completed 200 OK in 71ms (Views: 69.6ms | ActiveRecord: 0.4ms | Allocations: 15407)


Started GET "/leagues" for ::1 at 2019-10-05 13:20:13 -0400
Processing by LeaguesController#index as */*
  [1m[36mLeague Load (0.6ms)[0m  [1m[34mSELECT "leagues".* FROM "leagues"[0m
  ↳ app/controllers/leagues_controller.rb:8:in `index'
Completed 200 OK in 26ms (Views: 25.1ms | ActiveRecord: 0.6ms | Allocations: 15404)


Started GET "/leagues" for ::1 at 2019-10-05 13:20:16 -0400
Processing by LeaguesController#index as */*
  [1m[36mLeague Load (1.0ms)[0m  [1m[34mSELECT "leagues".* FROM "leagues"[0m
  ↳ app/controllers/leagues_controller.rb:8:in `index'
Completed 200 OK in 32ms (Views: 30.3ms | ActiveRecord: 1.0ms | Allocations: 15388)


Started GET "/leagues" for ::1 at 2019-10-05 13:20:30 -0400
  [1m[35m (0.8ms)[0m  [1m[34mSELECT "schema_migrations"."version" FROM "schema_migrations" ORDER BY "schema_migrations"."version" ASC[0m
Processing by LeaguesController#index as */*
  [1m[36mLeague Load (0.7ms)[0m  [1m[34mSELECT "leagues".* FROM "leagues"[0m
  ↳ app/controllers/leagues_controller.rb:8:in `index'
Completed 200 OK in 67ms (Views: 58.1ms | ActiveRecord: 6.5ms | Allocations: 20477)


Started GET "/leagues" for ::1 at 2019-10-05 13:21:07 -0400
Processing by LeaguesController#index as */*
  [1m[36mLeague Load (0.7ms)[0m  [1m[34mSELECT "leagues".* FROM "leagues"[0m
  ↳ app/controllers/leagues_controller.rb:8:in `index'
Completed 200 OK in 21ms (Views: 19.7ms | ActiveRecord: 0.7ms | Allocations: 15404)


Started GET "/leagues" for ::1 at 2019-10-05 13:21:21 -0400
Processing by LeaguesController#index as */*
  [1m[36mLeague Load (0.8ms)[0m  [1m[34mSELECT "leagues".* FROM "leagues"[0m
  ↳ app/controllers/leagues_controller.rb:8:in `index'
Completed 200 OK in 80ms (Views: 78.5ms | ActiveRecord: 0.8ms | Allocations: 15404)


Started GET "/leagues" for ::1 at 2019-10-05 13:21:47 -0400
Processing by LeaguesController#index as */*
  [1m[36mLeague Load (0.5ms)[0m  [1m[34mSELECT "leagues".* FROM "leagues"[0m
  ↳ app/controllers/leagues_controller.rb:8:in `index'
Completed 200 OK in 79ms (Views: 78.0ms | ActiveRecord: 0.5ms | Allocations: 15407)


Started GET "/leagues" for ::1 at 2019-10-05 13:21:57 -0400
Processing by LeaguesController#index as */*
  [1m[36mLeague Load (0.7ms)[0m  [1m[34mSELECT "leagues".* FROM "leagues"[0m
  ↳ app/controllers/leagues_controller.rb:8:in `index'
Completed 200 OK in 32ms (Views: 30.7ms | ActiveRecord: 0.7ms | Allocations: 15388)


